   0.0000000000000000        0.0000000000000000     
   7.0000000000000001E-003   9.8527871961049474E-008
   1.4000000000000000E-002   7.6837873413286788E-007
   2.1000000000000001E-002   2.5475172914261074E-006
   2.8000000000000001E-002   5.9507207588362745E-006
   3.5000000000000003E-002   1.1473225384984369E-005
   4.2000000000000003E-002   1.9592478355709947E-005
   4.9000000000000002E-002   3.0769263159435957E-005
   5.6000000000000001E-002   4.5448526463792838E-005
   6.3000000000000000E-002   6.4060036352575823E-005
   7.0000000000000007E-002   8.7018934570490603E-005
   7.6999999999999999E-002   1.1472621698115259E-004
   8.4000000000000005E-002   1.4756916260113957E-004
   9.0999999999999998E-002   1.8592172413963148E-004
   9.8000000000000004E-002   2.3014488867634356E-004
  0.10500000000000000        2.8058701447931543E-004
  0.11200000000000000        3.3758414827635998E-004
  0.11899999999999999        4.0146032616903896E-004
  0.12600000000000000        4.7252786060370433E-004
  0.13300000000000001        5.5108761526627458E-004
  0.14000000000000001        6.3742926937047407E-004
  0.14699999999999999        7.3183157251562525E-004
  0.15400000000000000        8.3456259106885950E-004
  0.16100000000000000        9.4587994685720500E-004
  0.16800000000000001        1.0660310488233864E-003
  0.17499999999999999        1.1952533181955386E-003
  0.18200000000000000        1.3337744076384727E-003
  0.18900000000000000        1.4818124147876401E-003
  0.19600000000000001        1.6395760905128431E-003
  0.20300000000000001        1.8072650422143331E-003
  0.20999999999999999        1.9850699324171742E-003
  0.21700000000000000        2.1731726728990673E-003
  0.22400000000000000        2.3717466145610397E-003
  0.23100000000000001        2.5809567332285848E-003
  0.23799999999999999        2.8009598115522547E-003
  0.24500000000000000        3.0319046171607567E-003
  0.25200000000000000        3.2739320772058995E-003
  0.25900000000000001        3.5271754494268438E-003
  0.26600000000000001        3.7917604898507280E-003
  0.27300000000000002        4.0678056172377321E-003
  0.28000000000000003        4.3554220743706089E-003
  0.28699999999999998        4.6547140862817447E-003
  0.29399999999999998        4.9657790155045612E-003
  0.30099999999999999        5.2887075144304550E-003
  0.30800000000000000        5.6235836748476592E-003
  0.31500000000000000        5.9704851747338058E-003
  0.32200000000000001        6.3294834223700750E-003
  0.32900000000000001        6.7006436978411686E-003
  0.33600000000000002        7.0840252919820677E-003
  0.34300000000000003        7.4796816428295771E-003
  0.34999999999999998        7.8876604696339076E-003
  0.35699999999999998        8.3080039044831824E-003
  0.36399999999999999        8.7407486215912555E-003
  0.37100000000000000        9.1859259642974502E-003
  0.37800000000000000        9.6435620698246041E-003
  0.38500000000000001        1.0113677991840231E-002
  0.39200000000000002        1.0596289820863851E-002
  0.39900000000000002        1.1091408802562071E-002
  0.40600000000000003        1.1599041453971528E-002
  0.41299999999999998        1.2119189677688488E-002
  0.41999999999999998        1.2651850874062742E-002
  0.42699999999999999        1.3197018051432051E-002
  0.43400000000000000        1.3754679934432577E-002
  0.44100000000000000        1.4324821070419505E-002
  0.44800000000000001        1.4907421934031172E-002
  0.45500000000000002        1.5502459029929130E-002
  0.46200000000000002        1.6109904993745584E-002
  0.46899999999999997        1.6729728691269010E-002
  0.47599999999999998        1.7361895315897859E-002
  0.48299999999999998        1.8006366484391433E-002
  0.48999999999999999        1.8663100330946591E-002
  0.49700000000000000        1.9332051599627961E-002
  0.50400000000000000        2.0013171735178907E-002
  0.51100000000000001        2.0706408972239767E-002
  0.51800000000000002        2.1411708422999411E-002
  0.52500000000000002        2.2129012163305442E-002
  0.53200000000000003        2.2858259317257979E-002
  0.53900000000000003        2.3599386140311374E-002
  0.54600000000000004        2.4352326100907717E-002
  0.55300000000000005        2.5117009960665539E-002
  0.56000000000000005        2.5893365853146524E-002
  0.56699999999999995        2.6681319361222883E-002
  0.57399999999999995        2.7480793593067362E-002
  0.58099999999999996        2.8291709256787343E-002
  0.58799999999999997        2.9113984733724608E-002
  0.59499999999999997        2.9947536150441281E-002
  0.60199999999999998        3.0792277449412597E-002
  0.60899999999999999        3.1648120458446574E-002
  0.61599999999999999        3.2514974958850147E-002
  0.62300000000000000        3.3392748752361555E-002
  0.63000000000000000        3.4281347726867466E-002
  0.63700000000000001        3.5180675920924241E-002
  0.64400000000000002        3.6090635587101114E-002
  0.65100000000000002        3.7011127254163868E-002
  0.65800000000000003        3.7942049788116633E-002
  0.66500000000000004        3.8883300452119150E-002
  0.67200000000000004        3.9834774965297214E-002
  0.67900000000000005        4.0796367560462586E-002
  0.68600000000000005        4.1767971040759709E-002
  0.69299999999999995        4.2749476835255068E-002
  0.69999999999999996        4.3740775053485850E-002
  0.70699999999999996        4.4741754538983367E-002
  0.71399999999999997        4.5752302921787141E-002
  0.72099999999999997        4.6772306669965062E-002
  0.72799999999999998        4.7801651140154680E-002
  0.73499999999999999        4.8840220627140524E-002
  0.74199999999999999        4.9887898412482388E-002
  0.74900000000000000        5.0944566812208818E-002
  0.75600000000000001        5.2010107223590209E-002
  0.76300000000000001        5.3084400171005519E-002
  0.77000000000000002        5.4167325350916416E-002
  0.77700000000000002        5.5258761675962526E-002
  0.78400000000000003        5.6358587318191274E-002
  0.79100000000000004        5.7466679751435344E-002
  0.79800000000000004        5.8582915792851076E-002
  0.80500000000000005        5.9707171643630465E-002
  0.81200000000000006        6.0839322928899361E-002
  0.81899999999999995        6.1979244736814619E-002
  0.82599999999999996        6.3126811656872200E-002
  0.83299999999999996        6.4281897817438510E-002
  0.83999999999999997        6.5444376922516798E-002
  0.84699999999999998        6.6614122287760605E-002
  0.85399999999999998        6.7791006875745394E-002
  0.86099999999999999        6.8974903330510637E-002
  0.86799999999999999        7.0165684011382415E-002
  0.87500000000000000        7.1363221026088983E-002
  0.88200000000000001        7.2567386263179101E-002
  0.88900000000000001        7.3778051423754668E-002
  0.89600000000000002        7.4995088052528039E-002
  0.90300000000000002        7.6218367568214318E-002
  0.91000000000000003        7.7447761293269496E-002
  0.91700000000000004        7.8683140482983999E-002
  0.92400000000000004        7.9924376353942214E-002
  0.93100000000000005        8.1171340111857601E-002
  0.93799999999999994        8.2423902978793304E-002
  0.94499999999999995        8.3681936219777889E-002
  0.95199999999999996        8.4945311168825463E-002
  0.95899999999999996        8.6213899254370049E-002
  0.96599999999999997        8.7487572024122898E-002
  0.97299999999999998        8.8766201169362305E-002
  0.97999999999999998        9.0049658548664480E-002
  0.98699999999999999        9.1337816211084707E-002
  0.99399999999999999        9.2630546418797283E-002
   1.0009999999999999        9.3927721669203004E-002
   1.0080000000000000        9.5229214716512467E-002
   1.0149999999999999        9.6534898592813695E-002
   1.0220000000000000        9.7844646628632639E-002
   1.0289999999999999        9.9158332472993757E-002
   1.0360000000000000       0.10047583011299024     
   1.0429999999999999       0.10179701389286974     
   1.0500000000000000       0.10312175853264577     
   1.0569999999999999       0.10444993914624011     
   1.0640000000000001       0.10578143125916591     
   1.0710000000000000       0.10711611082575720     
   1.0780000000000001       0.10845385424595355     
   1.0850000000000000       0.10979453838164642     
   1.0920000000000001       0.11113804057259435     
   1.0990000000000000       0.11248423865191445     
   1.1060000000000001       0.11383301096115717     
   1.1130000000000000       0.11518423636497045     
   1.1200000000000001       0.11653779426536118     
   1.1270000000000000       0.11789356461555983     
   1.1339999999999999       0.11925142793349519     
   1.1410000000000000       0.12061126531488542     
   1.1479999999999999       0.12197295844595241     
   1.1550000000000000       0.12333638961576511     
   1.1619999999999999       0.12470144172821843     
   1.1690000000000000       0.12606799831365381     
   1.1759999999999999       0.12743594354012744     
   1.1830000000000001       0.12880516222433233     
   1.1899999999999999       0.13017553984217958     
   1.1970000000000001       0.13154696253904555     
   1.2040000000000000       0.13291931713968952     
   1.2110000000000001       0.13429249115784878     
   1.2180000000000000       0.13566637280551541     
   1.2250000000000001       0.13704085100190150     
   1.2320000000000000       0.13841581538209685     
   1.2390000000000001       0.13979115630542624     
   1.2460000000000000       0.14116676486350924     
   1.2529999999999999       0.14254253288803048     
   1.2600000000000000       0.14391835295822283     
   1.2669999999999999       0.14529411840807041     
   1.2740000000000000       0.14666972333323577     
   1.2809999999999999       0.14804506259771555     
   1.2880000000000000       0.14942003184023100     
   1.2949999999999999       0.15079452748035588     
   1.3020000000000000       0.15216844672438912     
   1.3089999999999999       0.15354168757097392     
   1.3160000000000001       0.15491414881647092     
   1.3230000000000000       0.15628573006008725     
   1.3300000000000001       0.15765633170876753     
   1.3370000000000000       0.15902585498185065     
   1.3440000000000001       0.16039420191549683     
   1.3510000000000000       0.16176127536688861     
   1.3580000000000001       0.16312697901821091     
   1.3650000000000000       0.16449121738041375     
   1.3720000000000001       0.16585389579676138     
   1.3790000000000000       0.16721492044617231     
   1.3859999999999999       0.16857419834635462     
   1.3930000000000000       0.16993163735673900     
   1.3999999999999999       0.17128714618121485     
   1.4070000000000000       0.17264063437067240     
   1.4139999999999999       0.17399201232535497     
   1.4210000000000000       0.17534119129702458     
   1.4279999999999999       0.17668808339094505     
   1.4350000000000001       0.17803260156768599     
   1.4419999999999999       0.17937465964475063     
   1.4490000000000001       0.18071417229803238     
   1.4560000000000000       0.18205105506310135     
   1.4630000000000001       0.18338522433632681     
   1.4700000000000000       0.18471659737583634     
   1.4770000000000001       0.18604509230231703     
   1.4840000000000000       0.18737062809966032     
   1.4910000000000001       0.18869312461545501     
   1.4980000000000000       0.19001250256133068     
   1.5049999999999999       0.19132868351315449     
   1.5120000000000000       0.19264158991108560     
   1.5189999999999999       0.19395114505948821     
   1.5260000000000000       0.19525727312670837     
   1.5329999999999999       0.19655989914471572     
   1.5400000000000000       0.19785894900861403     
   1.5469999999999999       0.19915434947602245     
   1.5540000000000000       0.20044602816633150     
   1.5609999999999999       0.20173391355983553     
   1.5680000000000001       0.20301793499674414     
   1.5750000000000000       0.20429802267607652     
   1.5820000000000001       0.20557410765443990     
   1.5890000000000000       0.20684612184469522     
   1.5960000000000001       0.20811399801451302     
   1.6030000000000000       0.20937766978482120     
   1.6100000000000001       0.21063707162814785     
   1.6170000000000000       0.21189213886686037     
   1.6240000000000001       0.21314280767130567     
   1.6310000000000000       0.21438901505785032     
   1.6379999999999999       0.21563069888682662     
   1.6450000000000000       0.21686779786038357     
   1.6519999999999999       0.21810025152024762     
   1.6590000000000000       0.21932800024539353     
   1.6659999999999999       0.22055098524962904     
   1.6730000000000000       0.22176914857909361     
   1.6799999999999999       0.22298243310967508     
   1.6870000000000001       0.22419078254434610     
   1.6940000000000000       0.22539414141042033     
   1.7010000000000001       0.22659245505673425     
   1.7080000000000000       0.22778566965075153     
   1.7150000000000001       0.22897373217559752     
   1.7220000000000000       0.23015659042702033     
   1.7290000000000001       0.23133419301028493     
   1.7360000000000000       0.23250648933699872     
   1.7430000000000001       0.23367342962187274     
   1.7500000000000000       0.23483496487941871     
   1.7569999999999999       0.23599104692058448     
   1.7640000000000000       0.23714162834933000     
   1.7709999999999999       0.23828666255914382     
   1.7780000000000000       0.23942610372950424     
   1.7849999999999999       0.24055990682228423     
   1.7920000000000000       0.24168802757810406     
   1.7989999999999999       0.24281042251263127     
   1.8060000000000000       0.24392704891283082     
   1.8129999999999999       0.24503786483316684     
   1.8200000000000001       0.24614282909175622     
   1.8270000000000000       0.24724190126647791     
   1.8340000000000001       0.24833504169103690     
   1.8410000000000000       0.24942221145098584     
   1.8480000000000001       0.25050337237970538     
   1.8550000000000000       0.25157848705434449     
   1.8620000000000001       0.25264751879172248     
   1.8690000000000000       0.25371043164419288     
   1.8759999999999999       0.25476719039547285     
   1.8830000000000000       0.25581776055643640     
   1.8899999999999999       0.25686210836087581     
   1.8970000000000000       0.25790020076122983     
   1.9039999999999999       0.25893200542428169     
   1.9110000000000000       0.25995749072682728     
   1.9179999999999999       0.26097662575131469     
   1.9250000000000000       0.26198938028145757     
   1.9319999999999999       0.26299572479782063     
   1.9390000000000001       0.26399563047338193     
   1.9460000000000000       0.26498906916906989     
   1.9530000000000001       0.26597601342927935     
   1.9600000000000000       0.26695643647736345     
   1.9670000000000001       0.26793031221110752     
   1.9740000000000000       0.26889761519818162     
   1.9810000000000001       0.26985832067157511     
   1.9880000000000000       0.27081240452501376     
   1.9950000000000001       0.27175984330836034     
   2.0019999999999998       0.27270061422299913     
   2.0089999999999999       0.27363469511720628     
   2.0160000000000000       0.27456206448150600     
   2.0230000000000001       0.27548270144401471     
   2.0299999999999998       0.27639658576577186     
   2.0369999999999999       0.27730369783606146     
   2.0440000000000000       0.27820401866772204     
   2.0510000000000002       0.27909752989244757     
   2.0579999999999998       0.27998421375608046     
   2.0649999999999999       0.28086405311389656     
   2.0720000000000001       0.28173703142588274     
   2.0790000000000002       0.28260313275200888     
   2.0859999999999999       0.28346234174749446     
   2.0930000000000000       0.28431464365807119     
   2.1000000000000001       0.28516002431523990     
   2.1070000000000002       0.28599847013152646     
   2.1139999999999999       0.28682996809573413     
   2.1210000000000000       0.28765450576819473     
   2.1280000000000001       0.28847207127601732     
   2.1349999999999998       0.28928265330833941     
   2.1419999999999999       0.29008624111157549     
   2.1490000000000000       0.29088282448466801     
   2.1560000000000001       0.29167239377434007     
   2.1629999999999998       0.29245493987034932     
   2.1699999999999999       0.29323045420074595     
   2.1770000000000000       0.29399892872713224     
   2.1840000000000002       0.29476035593992822     
   2.1909999999999998       0.29551472885364033     
   2.1980000000000000       0.29626204100213577     
   2.2050000000000001       0.29700228643392190     
   2.2120000000000002       0.29773545970743293     
   2.2189999999999999       0.29846155588632223     
   2.2260000000000000       0.29918057053476221     
   2.2330000000000001       0.29989249971275189     
   2.2400000000000002       0.30059733997143284     
   2.2469999999999999       0.30129508834841351     
   2.2540000000000000       0.30198574236310233     
   2.2610000000000001       0.30266930001205156     
   2.2679999999999998       0.30334575976431000     
   2.2749999999999999       0.30401512055678637     
   2.2820000000000000       0.30467738178962434     
   2.2890000000000001       0.30533254332158793     
   2.2959999999999998       0.30598060546545924     
   2.3029999999999999       0.30662156898344756     
   2.3100000000000001       0.30725543508261199     
   2.3170000000000002       0.30788220541029643     
   2.3239999999999998       0.30850188204957701     
   2.3310000000000000       0.30911446751472499     
   2.3380000000000001       0.30971996474668168     
   2.3450000000000002       0.31031837710854876     
   2.3519999999999999       0.31090970838109294     
   2.3590000000000000       0.31149396275826569     
   2.3660000000000001       0.31207114484273807     
   2.3730000000000002       0.31264125964145117     
   2.3799999999999999       0.31320431256118197     
   2.3870000000000000       0.31376030940412714     
   2.3940000000000001       0.31430925636350099     
   2.4009999999999998       0.31485116001915092     
   2.4079999999999999       0.31538602733319149     
   2.4150000000000000       0.31591386564565327     
   2.4220000000000002       0.31643468267015090     
   2.4289999999999998       0.31694848648956775     
   2.4359999999999999       0.31745528555176034     
   2.4430000000000001       0.31795508866527911     
   2.4500000000000002       0.31844790499510817     
   2.4569999999999999       0.31893374405842517     
   2.4640000000000000       0.31941261572037799     
   2.4710000000000001       0.31988453018988205     
   2.4780000000000002       0.32034949801543566     
   2.4849999999999999       0.32080753008095653     
   2.4920000000000000       0.32125863760163703     
   2.4990000000000001       0.32170283211981815     
   2.5059999999999998       0.32214012550088633     
   2.5129999999999999       0.32257052992918817     
   2.5200000000000000       0.32299405790396651     
   2.5270000000000001       0.32341072223531619     
   2.5339999999999998       0.32382053604016237     
   2.5409999999999999       0.32422351273825772     
   2.5480000000000000       0.32461966604820186     
   2.5550000000000002       0.32500900998348081     
   2.5619999999999998       0.32539155884852905     
   2.5690000000000000       0.32576732723481250     
   2.5760000000000001       0.32613633001693171     
   2.5830000000000002       0.32649858234874907     
   2.5899999999999999       0.32685409965953588     
   2.5970000000000000       0.32720289765014182     
   2.6040000000000001       0.32754499228918621     
   2.6110000000000002       0.32788039980927258     
   2.6179999999999999       0.32820913670322327     
   2.6250000000000000       0.32853121972033728     
   2.6320000000000001       0.32884666586267136     
   2.6389999999999998       0.32915549238134195     
   2.6459999999999999       0.32945771677285041     
   2.6530000000000000       0.32975335677543033     
   2.6600000000000001       0.33004243036541797     
   2.6669999999999998       0.33032495575364551     
   2.6739999999999999       0.33060095138185602     
   2.6810000000000000       0.33087043591914156     
   2.6880000000000002       0.33113342825840536     
   2.6949999999999998       0.33138994751284528     
   2.7020000000000000       0.33164001301246060     
   2.7090000000000001       0.33188364430058215     
   2.7160000000000002       0.33212086113042566     
   2.7229999999999999       0.33235168346166699     
   2.7300000000000000       0.33257613145704157     
   2.7370000000000001       0.33279422547896642     
   2.7440000000000002       0.33300598608618548     
   2.7509999999999999       0.33321143403043729     
   2.7580000000000000       0.33341059025314751     
   2.7650000000000001       0.33360347588214267     
   2.7719999999999998       0.33379011222838839     
   2.7789999999999999       0.33397052078274986     
   2.7860000000000000       0.33414472321277644     
   2.7930000000000001       0.33431274135950889     
   2.7999999999999998       0.33447459723430928     
   2.8069999999999999       0.33463031301571550     
   2.8140000000000001       0.33477991104631716     
   2.8210000000000002       0.33492341382965635     
   2.8279999999999998       0.33506084402714970     
   2.8350000000000000       0.33519222445503555     
   2.8420000000000001       0.33531757808134277     
   2.8490000000000002       0.33543692802288333     
   2.8559999999999999       0.33555029754226706     
   2.8630000000000000       0.33565771004494116     
   2.8700000000000001       0.33575918907625130     
   2.8769999999999998       0.33585475831852502     
   2.8839999999999999       0.33594444158818115     
   2.8910000000000000       0.33602826283285830     
   2.8980000000000001       0.33610624612856915     
   2.9049999999999998       0.33617841567687562     
   2.9119999999999999       0.33624479580208855     
   2.9190000000000000       0.33630541094848876     
   2.9260000000000002       0.33636028567757120     
   2.9329999999999998       0.33640944466531236     
   2.9399999999999999       0.33645291269945948     
   2.9470000000000001       0.33649071467684311     
   2.9540000000000002       0.33652287560071065     
   2.9609999999999999       0.33654942057808496     
   2.9680000000000000       0.33657037481714308     
   2.9750000000000001       0.33658576362461756     
   2.9820000000000002       0.33659561240322172     
   2.9889999999999999       0.33659994664909543     
   2.9960000000000000       0.33659879194927361     
   3.0030000000000001       0.33659217397917679     
   3.0099999999999998       0.33658011850012409     
   3.0169999999999999       0.33656265135686803     
   3.0240000000000000       0.33653979847515064     
   3.0310000000000001       0.33651158585928193     
   3.0379999999999998       0.33647803958974037     
   3.0449999999999999       0.33643918582079479     
   3.0520000000000000       0.33639505077814713     
   3.0590000000000002       0.33634566075659866     
   3.0659999999999998       0.33629104211773553     
   3.0730000000000000       0.33623122128763733     
   3.0800000000000001       0.33616622475460556     
   3.0870000000000002       0.33609607906691502     
   3.0939999999999999       0.33602081083058527     
   3.1010000000000000       0.33594044670717227     
   3.1080000000000001       0.33585501341158375     
   3.1150000000000002       0.33576453770991282     
   3.1219999999999999       0.33566904641729400     
   3.1290000000000000       0.33556856639577831     
   3.1360000000000001       0.33546312455223193     
   3.1429999999999998       0.33535274783625235     
   3.1499999999999999       0.33523746323810683     
   3.1570000000000000       0.33511729778669036     
   3.1640000000000001       0.33499227854750502     
   3.1709999999999998       0.33486243262065835     
   3.1779999999999999       0.33472778713888240     
   3.1850000000000001       0.33458836926557295     
   3.1920000000000002       0.33444420619284865     
   3.1989999999999998       0.33429532513962967     
   3.2060000000000000       0.33414175334973611     
   3.2130000000000001       0.33398351809000681     
   3.2200000000000002       0.33382064664843730     
   3.2269999999999999       0.33365316633233616     
   3.2340000000000000       0.33348110446650314     
   3.2410000000000001       0.33330448839142429     
   3.2480000000000002       0.33312334546148731     
   3.2549999999999999       0.33293770304321596     
   3.2620000000000000       0.33274758851352348     
   3.2690000000000001       0.33255302925798502     
   3.2759999999999998       0.33235405266912732     
   3.2829999999999999       0.33215068614474058     
   3.2900000000000000       0.33194295708620475     
   3.2970000000000002       0.33173089289683794     
   3.3039999999999998       0.33151452098026002     
   3.3109999999999999       0.33129386873877747     
   3.3180000000000001       0.33106896357178472     
   3.3250000000000002       0.33083983287418373     
   3.3319999999999999       0.33060650403482145     
   3.3390000000000000       0.33036900443494638     
   3.3460000000000001       0.33012736144668176     
   3.3530000000000002       0.32988160243151593     
   3.3599999999999999       0.32963175473881251     
   3.3670000000000000       0.32937784570433537     
   3.3740000000000001       0.32911990264879315     
   3.3809999999999998       0.32885795287639935     
   3.3879999999999999       0.32859202367345108     
   3.3950000000000000       0.32832214230692430     
   3.4020000000000001       0.32804833602308481     
   3.4089999999999998       0.32777063204611873     
   3.4159999999999999       0.32748905757677715     
   3.4230000000000000       0.32720363979103939     
   3.4300000000000002       0.32691440583879067     
   3.4369999999999998       0.32662138284251879     
   3.4440000000000000       0.32632459789602564     
   3.4510000000000001       0.32602407806315420     
   3.4580000000000002       0.32571985037653378     
   3.4649999999999999       0.32541194183633992     
   3.4720000000000000       0.32510037940907005     
   3.4790000000000001       0.32478519002633549     
   3.4860000000000002       0.32446640058366943     
   3.4929999999999999       0.32414403793934976     
   3.5000000000000000       0.32381812891323825     
   3.5070000000000001       0.32348870028563376     
   3.5139999999999998       0.32315577879614293     
   3.5209999999999999       0.32281939114256408     
   3.5280000000000000       0.32247956397978667     
   3.5350000000000001       0.32213632391870678     
   3.5419999999999998       0.32178969752515640     
   3.5489999999999999       0.32143971131884763     
   3.5560000000000000       0.32108639177233161     
   3.5630000000000002       0.32072976530997294     
   3.5699999999999998       0.32036985830693709     
   3.5770000000000000       0.32000669708819274     
   3.5840000000000001       0.31964030792752934     
   3.5910000000000002       0.31927071704658744     
   3.5979999999999999       0.31889795061390375     
   3.6050000000000000       0.31852203474396984     
   3.6120000000000001       0.31814299549630548     
   3.6190000000000002       0.31776085887454503     
   3.6259999999999999       0.31737565082553693     
   3.6330000000000000       0.31698739723845837     
   3.6400000000000001       0.31659612394394226     
   3.6469999999999998       0.31620185671321743     
   3.6539999999999999       0.31580462125726244     
   3.6610000000000000       0.31540444322597283     
   3.6680000000000001       0.31500134820734116     
   3.6749999999999998       0.31459536172664959     
   3.6819999999999999       0.31418650924567537     
   3.6890000000000001       0.31377481616191044     
   3.6960000000000002       0.31336030780779162     
   3.7029999999999998       0.31294300944994446     
   3.7100000000000000       0.31252294628843968     
   3.7170000000000001       0.31210014345606185     
   3.7240000000000002       0.31167462601758955     
   3.7309999999999999       0.31124641896908839     
   3.7380000000000000       0.31081554723721672     
   3.7450000000000001       0.31038203567854172     
   3.7519999999999998       0.30994590907886832     
   3.7589999999999999       0.30950719215258027     
   3.7660000000000000       0.30906590954199187     
   3.7730000000000001       0.30862208581671213     
   3.7799999999999998       0.30817574547301924     
   3.7869999999999999       0.30772691293324839     
   3.7940000000000000       0.30727561254518893     
   3.8010000000000002       0.30682186858149391     
   3.8079999999999998       0.30636570523909967     
   3.8149999999999999       0.30590714663865792     
   3.8220000000000001       0.30544621682397749     
   3.8290000000000002       0.30498293976147689     
   3.8359999999999999       0.30451733933964881     
   3.8430000000000000       0.30404943936853390     
   3.8500000000000001       0.30357926357920578     
   3.8570000000000002       0.30310683562326601     
   3.8639999999999999       0.30263217907235052     
   3.8710000000000000       0.30215531741764479     
   3.8780000000000001       0.30167627406941017     
   3.8849999999999998       0.30119507235652038     
   3.8919999999999999       0.30071173552600711     
   3.8990000000000000       0.30022628674261692     
   3.9060000000000001       0.29973874908837594     
   3.9129999999999998       0.29924914556216681     
   3.9199999999999999       0.29875749907931326     
   3.9270000000000000       0.29826383247117461     
   3.9340000000000002       0.29776816848475079     
   3.9409999999999998       0.29727052978229573     
   3.9480000000000000       0.29677093894094020     
   3.9550000000000001       0.29626941845232363     
   3.9620000000000002       0.29576599072223636     
   3.9689999999999999       0.29526067807026896     
   3.9760000000000000       0.29475350272947215     
   3.9830000000000001       0.29424448684602422     
   3.9900000000000002       0.29373365247890892     
   3.9969999999999999       0.29322102159960023     
   4.0039999999999996       0.29270661609175663     
   4.0110000000000001       0.29219045775092434     
   4.0179999999999998       0.29167256828424826     
   4.0250000000000004       0.29115296931019136     
   4.0320000000000000       0.29063168235826242     
   4.0389999999999997       0.29010872886875289     
   4.0460000000000003       0.28958413019247975     
   4.0529999999999999       0.28905790759053879     
   4.0599999999999996       0.28853008223406473     
   4.0670000000000002       0.28800067520399825     
   4.0739999999999998       0.28746970749086298     
   4.0810000000000004       0.28693719999454870     
   4.0880000000000001       0.28640317352410255     
   4.0949999999999998       0.28586764879752724     
   4.1020000000000003       0.28533064644158901     
   4.1090000000000000       0.28479218699162939     
   4.1159999999999997       0.28425229089138720     
   4.1230000000000002       0.28371097849282717     
   4.1299999999999999       0.28316827005597478     
   4.1369999999999996       0.28262418574875958     
   4.1440000000000001       0.28207874564686392     
   4.1509999999999998       0.28153196973358019     
   4.1580000000000004       0.28098387789967466     
   4.1650000000000000       0.28043448994325731     
   4.1719999999999997       0.27988382556965846     
   4.1790000000000003       0.27933190439131383     
   4.1859999999999999       0.27877874592765423     
   4.1929999999999996       0.27822436960500135     
   4.2000000000000002       0.27766879475647338     
   4.2069999999999999       0.27711204062189293     
   4.2140000000000004       0.27655412634770393     
   4.2210000000000001       0.27599507098689369     
   4.2279999999999998       0.27543489349892114     
   4.2350000000000003       0.27487361274965216     
   4.2420000000000000       0.27431124751129965     
   4.2489999999999997       0.27374781646237001     
   4.2560000000000002       0.27318333818761642     
   4.2629999999999999       0.27261783117799676     
   4.2699999999999996       0.27205131383063708     
   4.2770000000000001       0.27148380444880321     
   4.2839999999999998       0.27091532124187445     
   4.2910000000000004       0.27034588232532536     
   4.2980000000000000       0.26977550572071324     
   4.3049999999999997       0.26920420935566830     
   4.3120000000000003       0.26863201106389289     
   4.3190000000000000       0.26805892858516323     
   4.3259999999999996       0.26748497956533723     
   4.3330000000000002       0.26691018155636903     
   4.3399999999999999       0.26633455201632605     
   4.3470000000000004       0.26575810830941216     
   4.3540000000000001       0.26518086770599808     
   4.3609999999999998       0.26460284738265233     
   4.3680000000000003       0.26402406442218057     
   4.3750000000000000       0.26344453581366972     
   4.3819999999999997       0.26286427845253352     
   4.3890000000000002       0.26228330914056741     
   4.3959999999999999       0.26170164458600415     
   4.4029999999999996       0.26111930140357609     
   4.4100000000000001       0.26053629611458207     
   4.4169999999999998       0.25995264514695759     
   4.4240000000000004       0.25936836483534981     
   4.4310000000000000       0.25878347142119873     
   4.4379999999999997       0.25819798105281888     
   4.4450000000000003       0.25761190978548892     
   4.4520000000000000       0.25702527358154420     
   4.4589999999999996       0.25643808831047221     
   4.4660000000000002       0.25585036974901348     
   4.4729999999999999       0.25526213358126748     
   4.4800000000000004       0.25467339539879896     
   4.4870000000000001       0.25408417070075301     
   4.4939999999999998       0.25349447489396892     
   4.5010000000000003       0.25290432329310214     
   4.5080000000000000       0.25231373112074834     
   4.5149999999999997       0.25172271350756986     
   4.5220000000000002       0.25113128549242775     
   4.5289999999999999       0.25053946202251759     
   4.5359999999999996       0.24994725795350634     
   4.5430000000000001       0.24935468804967545     
   4.5499999999999998       0.24876176698406713     
   4.5570000000000004       0.24816850933863099     
   4.5640000000000001       0.24757492960437921     
   4.5709999999999997       0.24698104218153968     
   4.5780000000000003       0.24638686137971588     
   4.5850000000000000       0.24579240141804998     
   4.5919999999999996       0.24519767642538631     
   4.5990000000000002       0.24460270044044041     
   4.6059999999999999       0.24400748741197190     
   4.6130000000000004       0.24341205119895659     
   4.6200000000000001       0.24281640557076578     
   4.6269999999999998       0.24222056420734628     
   4.6340000000000003       0.24162454069940317     
   4.6410000000000000       0.24102834854858671     
   4.6479999999999997       0.24043200116768129     
   4.6550000000000002       0.23983551188079616     
   4.6619999999999999       0.23923889392356198     
   4.6689999999999996       0.23864216044332565     
   4.6760000000000002       0.23804532449935120     
   4.6829999999999998       0.23744839906302317     
   4.6900000000000004       0.23685139701804939     
   4.6970000000000001       0.23625433116066991     
   4.7039999999999997       0.23565721419986699     
   4.7110000000000003       0.23506005875757621     
   4.7180000000000000       0.23446287736890226     
   4.7249999999999996       0.23386568248233594     
   4.7320000000000002       0.23326848645997258     
   4.7389999999999999       0.23267130157773519     
   4.7460000000000004       0.23207414002559659     
   4.7530000000000001       0.23147701390780642     
   4.7599999999999998       0.23087993524311967     
   4.7670000000000003       0.23028291596502573     
   4.7740000000000000       0.22968596792198165     
   4.7809999999999997       0.22908910287764661     
   4.7880000000000003       0.22849233251111750     
   4.7949999999999999       0.22789566841716782     
   4.8019999999999996       0.22729912210648820     
   4.8090000000000002       0.22670270500592757     
   4.8159999999999998       0.22610642845873780     
   4.8230000000000004       0.22551030372481992     
   4.8300000000000001       0.22491434198097043     
   4.8369999999999997       0.22431855432113212     
   4.8440000000000003       0.22372295175664347     
   4.8510000000000000       0.22312754521649264     
   4.8579999999999997       0.22253234554757148     
   4.8650000000000002       0.22193736351493085     
   4.8719999999999999       0.22134260980203879     
   4.8789999999999996       0.22074809501103967     
   4.8860000000000001       0.22015382966301386     
   4.8929999999999998       0.21955982419824049     
   4.9000000000000004       0.21896608897646111     
   4.9070000000000000       0.21837263427714368     
   4.9139999999999997       0.21777947029974976     
   4.9210000000000003       0.21718660716400126     
   4.9279999999999999       0.21659405491014991     
   4.9349999999999996       0.21600182349924757     
   4.9420000000000002       0.21540992281341698     
   4.9489999999999998       0.21481836265612506     
   4.9560000000000004       0.21422715275245677     
   4.9630000000000001       0.21363630274938980     
   4.9699999999999998       0.21304582221607057     
   4.9770000000000003       0.21245572064409260     
   4.9840000000000000       0.21186600744777345     
   4.9909999999999997       0.21127669196443485     
   4.9980000000000002       0.21068778345468347     
   5.0049999999999999       0.21009929110269140     
   5.0119999999999996       0.20951122401647965     
   5.0190000000000001       0.20892359122820026     
   5.0259999999999998       0.20833640169442144     
   5.0330000000000004       0.20774966429641270     
   5.0400000000000000       0.20716338784043026     
   5.0469999999999997       0.20657758105800400     
   5.0540000000000003       0.20599225260622578     
   5.0609999999999999       0.20540741106803700     
   5.0679999999999996       0.20482306495251787     
   5.0750000000000002       0.20423922269517816     
   5.0819999999999999       0.20365589265824655     
   5.0890000000000004       0.20307308313096303     
   5.0960000000000001       0.20249080232987016     
   5.1029999999999998       0.20190905839910558     
   5.1100000000000003       0.20132785941069598     
   5.1170000000000000       0.20074721336485021     
   5.1239999999999997       0.20016712819025329     
   5.1310000000000002       0.19958761174436265     
   5.1379999999999999       0.19900867181370202     
   5.1449999999999996       0.19843031611415801     
   5.1520000000000001       0.19785255229127685     
   5.1589999999999998       0.19727538792056032     
   5.1660000000000004       0.19669883050776393     
   5.1730000000000000       0.19612288748919390     
   5.1799999999999997       0.19554756623200509     
   5.1870000000000003       0.19497287403450050     
   5.1940000000000000       0.19439881812642881     
   5.2009999999999996       0.19382540566928372     
   5.2080000000000002       0.19325264375660420     
   5.2149999999999999       0.19268053941427307     
   5.2220000000000004       0.19210909960081712     
   5.2290000000000001       0.19153833120770836     
   5.2359999999999998       0.19096824105966290     
   5.2430000000000003       0.19039883591494214     
   5.2500000000000000       0.18983012246565459     
   5.2569999999999997       0.18926210733805485     
   5.2640000000000002       0.18869479709284659     
   5.2709999999999999       0.18812819822548268     
   5.2779999999999996       0.18756231716646665     
   5.2850000000000001       0.18699716028165492     
   5.2919999999999998       0.18643273387255740     
   5.2990000000000004       0.18586904417663927     
   5.3060000000000000       0.18530609736762343     
   5.3129999999999997       0.18474389955579104     
   5.3200000000000003       0.18418245678828349     
   5.3270000000000000       0.18362177504940502     
   5.3339999999999996       0.18306186026092272     
   5.3410000000000002       0.18250271828236966     
   5.3479999999999999       0.18194435491134545     
   5.3550000000000004       0.18138677588381777     
   5.3620000000000001       0.18082998687442478     
   5.3689999999999998       0.18027399349677481     
   5.3760000000000003       0.17971880130374854     
   5.3830000000000000       0.17916441578780026     
   5.3899999999999997       0.17861084238125777     
   5.3970000000000002       0.17805808645662352     
   5.4039999999999999       0.17750615332687611     
   5.4109999999999996       0.17695504824576885     
   5.4180000000000001       0.17640477640813104     
   5.4249999999999998       0.17585534295016816     
   5.4320000000000004       0.17530675294976031     
   5.4390000000000001       0.17475901142676323     
   5.4459999999999997       0.17421212334330596     
   5.4530000000000003       0.17366609360409055     
   5.4600000000000000       0.17312092705669110     
   5.4669999999999996       0.17257662849185090     
   5.4740000000000002       0.17203320264378116     
   5.4809999999999999       0.17149065419045914     
   5.4880000000000004       0.17094898775392442     
   5.4950000000000001       0.17040820790057637     
   5.5019999999999998       0.16986831914147152     
   5.5090000000000003       0.16932932593261818     
   5.5160000000000000       0.16879123267527435     
   5.5229999999999997       0.16825404371624128     
   5.5300000000000002       0.16771776334815949     
   5.5369999999999999       0.16718239580980393     
   5.5439999999999996       0.16664794528637697     
   5.5510000000000002       0.16611441590980283     
   5.5579999999999998       0.16558181175902145     
   5.5650000000000004       0.16505013686028014     
   5.5720000000000001       0.16451939518742684     
   5.5789999999999997       0.16398959066220223     
   5.5860000000000003       0.16346072715453003     
   5.5930000000000000       0.16293280848280906     
   5.5999999999999996       0.16240583841420334     
   5.6070000000000002       0.16187982066493128     
   5.6139999999999999       0.16135475890055642     
   5.6210000000000004       0.16083065673627467     
   5.6280000000000001       0.16030751773720367     
   5.6349999999999998       0.15978534541867020     
   5.6420000000000003       0.15926414324649707     
   5.6490000000000000       0.15874391463728982     
   5.6559999999999997       0.15822466295872314     
   5.6630000000000003       0.15770639152982535     
   5.6699999999999999       0.15718910362126384     
   5.6769999999999996       0.15667280245562937     
   5.6840000000000002       0.15615749120771863     
   5.6909999999999998       0.15564317300481867     
   5.6980000000000004       0.15512985092698769     
   5.7050000000000001       0.15461752800733752     
   5.7119999999999997       0.15410620723231463     
   5.7190000000000003       0.15359589154198011     
   5.7260000000000000       0.15308658383028931     
   5.7329999999999997       0.15257828694537157     
   5.7400000000000002       0.15207100368980736     
   5.7469999999999999       0.15156473682090699     
   5.7539999999999996       0.15105948905098709     
   5.7610000000000001       0.15055526304764658     
   5.7679999999999998       0.15005206143404271     
   5.7750000000000004       0.14954988678916581     
   5.7820000000000000       0.14904874164811299     
   5.7889999999999997       0.14854862850236211     
   5.7960000000000003       0.14804954980004381     
   5.8029999999999999       0.14755150794621380     
   5.8099999999999996       0.14705450530312425     
   5.8170000000000002       0.14655854419049347     
   5.8239999999999998       0.14606362688577634     
   5.8310000000000004       0.14556975562443292     
   5.8380000000000001       0.14507693260019647     
   5.8449999999999998       0.14458515996534077     
   5.8520000000000003       0.14409443983094733     
   5.8590000000000000       0.14360477426717036     
   5.8659999999999997       0.14311616530350246     
   5.8730000000000002       0.14262861492903839     
   5.8799999999999999       0.14214212509273877     
   5.8869999999999996       0.14165669770369288     
   5.8940000000000001       0.14117233463138001     
   5.9009999999999998       0.14068903770593080     
   5.9080000000000004       0.14020680871838770     
   5.9150000000000000       0.13972564942096394     
   5.9219999999999997       0.13924556152730200     
   5.9290000000000003       0.13876654671273203     
   5.9359999999999999       0.13828860661452824     
   5.9429999999999996       0.13781174283216482     
   5.9500000000000002       0.13733595692757192     
   5.9569999999999999       0.13686125042538919     
   5.9640000000000004       0.13638762481322012     
   5.9710000000000001       0.13591508154188411     
   5.9779999999999998       0.13544362202566862     
   5.9850000000000003       0.13497324764258029     
   5.9920000000000000       0.13450395973459492     
   5.9989999999999997       0.13403575960790653     
   6.0060000000000002       0.13356864853317640     
   6.0129999999999999       0.13310262774578002     
   6.0199999999999996       0.13263769844605383     
   6.0270000000000001       0.13217386179954149     
   6.0339999999999998       0.13171111893723825     
   6.0410000000000004       0.13124947095583539     
   6.0480000000000000       0.13078891891796315     
   6.0549999999999997       0.13032946385243283     
   6.0620000000000003       0.12987110675447891     
   6.0690000000000000       0.12941384858599875     
   6.0759999999999996       0.12895769027579235     
   6.0830000000000002       0.12850263271980170     
   6.0899999999999999       0.12804867678134779     
   6.0970000000000004       0.12759582329136776     
   6.1040000000000001       0.12714407304865144     
   6.1109999999999998       0.12669342682007570     
   6.1180000000000003       0.12624388534083894     
   6.1250000000000000       0.12579544931469488     
   6.1319999999999997       0.12534811941418408     
   6.1390000000000002       0.12490189628086627     
   6.1459999999999999       0.12445678052555033     
   6.1529999999999996       0.12401277272852401     
   6.1600000000000001       0.12356987343978335     
   6.1669999999999998       0.12312808317925958     
   6.1740000000000004       0.12268740243704644     
   6.1810000000000000       0.12224783167362677     
   6.1879999999999997       0.12180937132009638     
   6.1950000000000003       0.12137202177838907     
   6.2020000000000000       0.12093578342150002     
   6.2089999999999996       0.12050065659370729     
   6.2160000000000002       0.12006664161079400     
   6.2229999999999999       0.11963373876026842     
   6.2300000000000004       0.11920194830158337     
   6.2370000000000001       0.11877127046635559     
   6.2439999999999998       0.11834170545858246     
   6.2510000000000003       0.11791325345485922     
   6.2580000000000000       0.11748591460459526     
   6.2649999999999997       0.11705968903022819     
   6.2720000000000002       0.11663457682743825     
   6.2789999999999999       0.11621057806536177     
   6.2859999999999996       0.11578769278680232     
   6.2930000000000001       0.11536592100844295     
   6.2999999999999998       0.11494526272105582     
   6.3070000000000004       0.11452571788971150     
   6.3140000000000001       0.11410728645398814     
   6.3209999999999997       0.11368996832817792     
   6.3280000000000003       0.11327376340149409     
   6.3350000000000000       0.11285867153827712     
   6.3419999999999996       0.11244469257819840     
   6.3490000000000002       0.11203182633646443     
   6.3559999999999999       0.11162007260402022     
   6.3630000000000004       0.11120943114775017     
   6.3700000000000001       0.11079990171067976     
   6.3769999999999998       0.11039148401217551     
   6.3840000000000003       0.10998417774814363     
   6.3910000000000000       0.10957798259122911     
   6.3979999999999997       0.10917289819101200     
   6.4050000000000002       0.10876892417420425     
   6.4119999999999999       0.10836606014484536     
   6.4189999999999996       0.10796430568449630     
   6.4260000000000002       0.10756366035243327     
   6.4329999999999998       0.10716412368584079     
   6.4400000000000004       0.10676569520000269     
   6.4470000000000001       0.10636837438849332     
   6.4539999999999997       0.10597216072336753     
   6.4610000000000003       0.10557705365534904     
   6.4680000000000000       0.10518305261401938     
   6.4749999999999996       0.10479015700800401     
   6.4820000000000002       0.10439836622515902     
   6.4889999999999999       0.10400767963275673     
   6.4960000000000004       0.10361809657766921     
   6.5030000000000001       0.10322961638655233     
   6.5099999999999998       0.10284223836602829     
   6.5170000000000003       0.10245596180286674     
   6.5240000000000000       0.10207078596416601     
   6.5309999999999997       0.10168671009753270     
   6.5380000000000003       0.10130373343126037     
   6.5449999999999999       0.10092185517450770     
   6.5519999999999996       0.10054107451747578     
   6.5590000000000002       0.10016139063158362     
   6.5659999999999998        9.9782802669644205E-002
   6.5730000000000004        9.9405309766038077E-002
   6.5800000000000001        9.9028911036887213E-002
   6.5869999999999997        9.8653605580227718E-002
   6.5940000000000003        9.8279392476180866E-002
   6.6010000000000000        9.7906270787124439E-002
   6.6079999999999997        9.7534239557862459E-002
   6.6150000000000002        9.7163297815793762E-002
   6.6219999999999999        9.6793444571080536E-002
   6.6289999999999996        9.6424678816815393E-002
   6.6360000000000001        9.6056999529187226E-002
   6.6429999999999998        9.5690405667647457E-002
   6.6500000000000004        9.5324896175073573E-002
   6.6570000000000000        9.4960469977933448E-002
   6.6639999999999997        9.4597125986447983E-002
   6.6710000000000003        9.4234863094752513E-002
   6.6779999999999999        9.3873680181058405E-002
   6.6849999999999996        9.3513576107812899E-002
   6.6920000000000002        9.3154549721858146E-002
   6.6989999999999998        9.2796599854589865E-002
   6.7060000000000004        9.2439725322114835E-002
   6.7130000000000001        9.2083924925407276E-002
   6.7199999999999998        9.1729197450464692E-002
   6.7270000000000003        9.1375541668462956E-002
   6.7340000000000000        9.1022956335910052E-002
   6.7409999999999997        9.0671440194799516E-002
   6.7480000000000002        9.0320991972762332E-002
   6.7549999999999999        8.9971610383218839E-002
   6.7619999999999996        8.9623294125529107E-002
   6.7690000000000001        8.9276041885142543E-002
   6.7759999999999998        8.8929852333746964E-002
   6.7830000000000004        8.8584724129416745E-002
   6.7900000000000000        8.8240655916759683E-002
   6.7969999999999997        8.7897646327063456E-002
   6.8040000000000003        8.7555693978441373E-002
   6.8109999999999999        8.7214797475976671E-002
   6.8179999999999996        8.6874955411866711E-002
   6.8250000000000002        8.6536166365565506E-002
   6.8319999999999999        8.6198428903926316E-002
   6.8390000000000004        8.5861741581342813E-002
   6.8460000000000001        8.5526102939889534E-002
   6.8529999999999998        8.5191511509461443E-002
   6.8600000000000003        8.4857965807913160E-002
   6.8670000000000000        8.4525464341196593E-002
   6.8739999999999997        8.4194005603498198E-002
   6.8810000000000002        8.3863588077375720E-002
   6.8879999999999999        8.3534210233893305E-002
   6.8949999999999996        8.3205870532756410E-002
   6.9020000000000001        8.2878567422446037E-002
   6.9089999999999998        8.2552299340351409E-002
   6.9160000000000004        8.2227064712902739E-002
   6.9230000000000000        8.1902861955702400E-002
   6.9299999999999997        8.1579689473655861E-002
   6.9370000000000003        8.1257545661101674E-002
   6.9440000000000000        8.0936428901940541E-002
   6.9509999999999996        8.0616337569763441E-002
   6.9580000000000002        8.0297270027979692E-002
   6.9649999999999999        7.9979224629943321E-002
   6.9720000000000004        7.9662199719079035E-002
   6.9790000000000001        7.9346193629007855E-002
   6.9859999999999998        7.9031204683670919E-002
   6.9930000000000003        7.8717231197453746E-002
   7.0000000000000000        7.8404271475308637E-002
