   0.0000000000000000        0.0000000000000000     
   2.0000000000000000E-002   2.2057064593433361E-006
   4.0000000000000001E-002   1.6980546537444272E-005
   5.9999999999999998E-002   5.5575219118262328E-005
   8.0000000000000002E-002   1.2815080243370290E-004
  0.10000000000000001        2.4390741270611190E-004
  0.12000000000000000        4.1116540399633867E-004
  0.14000000000000001        6.3742926937047407E-004
  0.16000000000000000        9.2944228714066991E-004
  0.17999999999999999        1.2932352003142645E-003
  0.20000000000000001        1.7341705770356750E-003
  0.22000000000000000        2.2569837934661684E-003
  0.23999999999999999        2.8658212304781788E-003
  0.26000000000000001        3.5642760838432495E-003
  0.28000000000000003        4.3554220743706089E-003
  0.29999999999999999        5.2418452734429256E-003
  0.32000000000000001        6.2256742126073836E-003
  0.34000000000000002        7.3086084137410703E-003
  0.35999999999999999        8.4919454534264326E-003
  0.38000000000000000        9.7766066583584704E-003
  0.40000000000000002        1.1163161515900561E-002
  0.41999999999999998        1.2651850874062742E-002
  0.44000000000000000        1.4242608997375257E-002
  0.46000000000000002        1.5935084538820612E-002
  0.47999999999999998        1.7728660482787841E-002
  0.50000000000000000        1.9622473109655571E-002
  0.52000000000000002        2.1615430028903291E-002
  0.54000000000000004        2.3706227324452503E-002
  0.56000000000000005        2.5893365853146524E-002
  0.57999999999999996        2.8175166734811814E-002
  0.59999999999999998        3.0549786070144348E-002
  0.62000000000000000        3.3015228920685286E-002
  0.64000000000000001        3.5569362583356537E-002
  0.66000000000000003        3.8209929190387036E-002
  0.68000000000000005        4.0934557663955762E-002
  0.69999999999999996        4.3740775053485850E-002
  0.71999999999999997        4.6626017282233048E-002
  0.73999999999999999        4.9587639328607526E-002
  0.76000000000000001        5.2622924866541701E-002
  0.78000000000000003        5.5729095388158491E-002
  0.80000000000000004        5.8903318830998128E-002
  0.81999999999999995        6.2142717731121420E-002
  0.83999999999999997        6.5444376922516798E-002
  0.85999999999999999        6.8805350802394555E-002
  0.88000000000000000        7.2222670181149834E-002
  0.90000000000000002        7.5693348735013238E-002
  0.92000000000000004        7.9214389078680267E-002
  0.93999999999999995        8.2782788474517990E-002
  0.95999999999999996        8.6395544194284732E-002
  0.97999999999999998        9.0049658548664480E-002
   1.0000000000000000        9.3742143599313210E-002
   1.0200000000000000        9.7470025567532259E-002
   1.0400000000000000       0.10123034895312875     
   1.0600000000000001       0.10502018037648961     
   1.0800000000000001       0.10883661215638281     
   1.1000000000000001       0.11267676563551005     
   1.1200000000000001       0.11653779426536118     
   1.1399999999999999       0.12041688646146911     
   1.1599999999999999       0.12431126823972651     
   1.1799999999999999       0.12821820564400768     
   1.2000000000000000       0.13213500697493635     
   1.2200000000000000       0.13605902482925106     
   1.2400000000000000       0.13998765795884810     
   1.2600000000000000       0.14391835295822283     
   1.2800000000000000       0.14784860578868428     
   1.3000000000000000       0.15177596314738567     
   1.3200000000000001       0.15569802368889285     
   1.3400000000000001       0.15961243910670531     
   1.3600000000000001       0.16351691508184585     
   1.3799999999999999       0.16740921210535073     
   1.3999999999999999       0.17128714618121485     
   1.4199999999999999       0.17514858941608330     
   1.4399999999999999       0.17899147050172259     
   1.4600000000000000       0.18281377509606131     
   1.4800000000000000       0.18661354610834968     
   1.5000000000000000       0.19038888389376293     
   1.5200000000000000       0.19413794636254922     
   1.5400000000000000       0.19785894900861403     
   1.5600000000000001       0.20155016486222679     
   1.5800000000000001       0.20520992437133984     
   1.6000000000000001       0.20883661521582031     
   1.6200000000000001       0.21242868205871160     
   1.6399999999999999       0.21598462623846776     
   1.6599999999999999       0.21950300540593290     
   1.6799999999999999       0.22298243310967508     
   1.7000000000000000       0.22642157833312765     
   1.7200000000000000       0.22981916498683994     
   1.7400000000000000       0.23317397135899282     
   1.7600000000000000       0.23648482952719524     
   1.7800000000000000       0.23975062473444261     
   1.8000000000000000       0.24297029473198867     
   1.8200000000000001       0.24614282909175622     
   1.8400000000000001       0.24926726849079461     
   1.8600000000000001       0.25234270397017133     
   1.8799999999999999       0.25536827617057950     
   1.8999999999999999       0.25834317454683176     
   1.9199999999999999       0.26126663656330984     
   1.9399999999999999       0.26413794687233910     
   1.9600000000000000       0.26695643647736345     
   1.9800000000000000       0.26972148188270323     
   2.0000000000000000       0.27243250423159115     
   2.0200000000000000       0.27508896843409530     
   2.0400000000000000       0.27769038228646131     
   2.0600000000000001       0.28023629558332047     
   2.0800000000000001       0.28272629922414338     
   2.1000000000000001       0.28516002431523990     
   2.1200000000000001       0.28753714126854096     
   2.1400000000000001       0.28985735889833181     
   2.1600000000000001       0.29212042351703638     
   2.1800000000000002       0.29432611803110142     
   2.2000000000000002       0.29647426103795971     
   2.2200000000000002       0.29856470592500206     
   2.2400000000000002       0.30059733997143284     
   2.2599999999999998       0.30257208345382858     
   2.2799999999999998       0.30448888875617280     
   2.2999999999999998       0.30634773948509270     
   2.3199999999999998       0.30814864959097410     
   2.3399999999999999       0.30989166249559236     
   2.3599999999999999       0.31157685022685133     
   2.3799999999999999       0.31320431256118197     
   2.3999999999999999       0.31477417617412012     
   2.4199999999999999       0.31628659379953622     
   2.4399999999999999       0.31774174339796352     
   2.4600000000000000       0.31913982733443425     
   2.4800000000000000       0.32048107156619887     
   2.5000000000000000       0.32176572484067861     
   2.5200000000000000       0.32299405790396651     
   2.5400000000000000       0.32416636272016708     
   2.5600000000000001       0.32528295170183985     
   2.5800000000000001       0.32634415695178109     
   2.6000000000000001       0.32735032951635978     
   2.6200000000000001       0.32830183865059792     
   2.6400000000000001       0.32919907109516283     
   2.6600000000000001       0.33004243036541797     
   2.6800000000000002       0.33083233605266499     
   2.7000000000000002       0.33156922313767717     
   2.7200000000000002       0.33225354131662443     
   2.7400000000000002       0.33288575433945566     
   2.7599999999999998       0.33346633936080011     
   2.7799999999999998       0.33399578630343002     
   2.7999999999999998       0.33447459723430928     
   2.8199999999999998       0.33490328575324341     
   2.8399999999999999       0.33528237639413278     
   2.8599999999999999       0.33561240403881437     
   2.8799999999999999       0.33589391334347174     
   2.8999999999999999       0.33612745817757628     
   2.9199999999999999       0.33631360107531610     
   2.9399999999999999       0.33645291269945948     
   2.9600000000000000       0.33654597131758612     
   2.9800000000000000       0.33659336229061587     
   3.0000000000000000       0.33659567757355491     
   3.0200000000000000       0.33655351522836913     
   3.0400000000000000       0.33646747894889278     
   3.0600000000000001       0.33633817759766754     
   3.0800000000000001       0.33616622475460556     
   3.1000000000000001       0.33595223827736376     
   3.1200000000000001       0.33569683987330867     
   3.1400000000000001       0.33540065468294794     
   3.1600000000000001       0.33506431087470262     
   3.1800000000000002       0.33468843925088404     
   3.2000000000000002       0.33427367286474097     
   3.2200000000000002       0.33382064664843730     
   3.2400000000000002       0.33332999705181460     
   3.2599999999999998       0.33280236169179700     
   3.2799999999999998       0.33223837901228642     
   3.2999999999999998       0.33163868795439855     
   3.3199999999999998       0.33100392763688735     
   3.3399999999999999       0.33033473704660071     
   3.3599999999999999       0.32963175473881251     
   3.3799999999999999       0.32889561854727339     
   3.3999999999999999       0.32812696530381891     
   3.4199999999999999       0.32732643056737848     
   3.4399999999999999       0.32649464836222070     
   3.4600000000000000       0.32563225092527598     
   3.4800000000000000       0.32473986846237474     
   3.5000000000000000       0.32381812891323825     
   3.5200000000000000       0.32286765772505949     
   3.5400000000000000       0.32188907763451502     
   3.5600000000000001       0.32088300845804257     
   3.5800000000000001       0.31985006689022438     
   3.6000000000000001       0.31879086631011760     
   3.6200000000000001       0.31770601659536640     
   3.6400000000000001       0.31659612394394226     
   3.6600000000000001       0.31546179070334801     
   3.6800000000000002       0.31430361520713185     
   3.7000000000000002       0.31312219161855265     
   3.7200000000000002       0.31191810978124168     
   3.7400000000000002       0.31069195507670361     
   3.7599999999999998       0.30944430828850911     
   3.7799999999999998       0.30817574547301924     
   3.7999999999999998       0.30688683783649906     
   3.8199999999999998       0.30557815161846519     
   3.8399999999999999       0.30425024798112232     
   3.8599999999999999       0.30290368290474340     
   3.8799999999999999       0.30153900708884696     
   3.8999999999999999       0.30015676585902940     
   3.9199999999999999       0.29875749907931326     
   3.9399999999999999       0.29734174106986805     
   3.9600000000000000       0.29591002052997067     
   3.9800000000000000       0.29446286046606557     
   4.0000000000000000       0.29300077812479292     
   4.0199999999999996       0.29152428493085319     
   4.0400000000000000       0.29003388642957567     
   4.0599999999999996       0.28853008223406473     
   4.0800000000000001       0.28701336597679572     
   4.0999999999999996       0.28548422526553779     
   4.1200000000000001       0.28394314164348039     
   4.1399999999999997       0.28239059055344068     
   4.1600000000000001       0.28082704130603675     
   4.1799999999999997       0.27925295705170960     
   4.2000000000000002       0.27766879475647338     
   4.2199999999999998       0.27607500518129108     
   4.2400000000000002       0.27447203286495481     
   4.2599999999999998       0.27286031611037082     
   4.2800000000000002       0.27124028697413288     
   4.2999999999999998       0.26961237125928866     
   4.3200000000000003       0.26797698851118978     
   4.3399999999999999       0.26633455201632605     
   4.3600000000000003       0.26468546880404525     
   4.3799999999999999       0.26303013965106326     
   4.4000000000000004       0.26136895908866309     
   4.4199999999999999       0.25970231541249716     
   4.4400000000000004       0.25803059069489653     
   4.4600000000000000       0.25635416079959727     
   4.4800000000000004       0.25467339539879896     
   4.5000000000000000       0.25298865799246895     
   4.5199999999999996       0.25130030592980374     
   4.5400000000000000       0.24960869043277251     
   4.5599999999999996       0.24791415662165733     
   4.5800000000000001       0.24621704354251070     
   4.5999999999999996       0.24451768419645817     
   4.6200000000000001       0.24281640557076578     
   4.6399999999999997       0.24111352867160279     
   4.6600000000000001       0.23940936855842332     
   4.6799999999999997       0.23770423437990210     
   4.7000000000000002       0.23599842941135196     
   4.7199999999999998       0.23429225109355706     
   4.7400000000000002       0.23258599107295697     
   4.7599999999999998       0.23087993524311967     
   4.7800000000000002       0.22917436378743580     
   4.7999999999999998       0.22746955122298093     
   4.8200000000000003       0.22576576644548180     
   4.8399999999999999       0.22406327277532936     
   4.8600000000000003       0.22236232800458494     
   4.8799999999999999       0.22066318444492405     
   4.9000000000000004       0.21896608897646111     
   4.9199999999999999       0.21727128309741020     
   4.9400000000000004       0.21557900297452431     
   4.9600000000000000       0.21388947949427015     
   4.9800000000000004       0.21220293831468465     
   5.0000000000000000       0.21051959991787345     
   5.0199999999999996       0.20883967966310096     
   5.0400000000000000       0.20716338784043026     
   5.0599999999999996       0.20549092972487101     
   5.0800000000000001       0.20382250563099300     
   5.0999999999999996       0.20215831096796461     
   5.1200000000000001       0.20049853629497874     
   5.1399999999999997       0.19884336737702873     
   5.1600000000000001       0.19719298524099405     
   5.1799999999999997       0.19554756623200509     
   5.2000000000000002       0.19390728207005015     
   5.2199999999999998       0.19227229990678976     
   5.2400000000000002       0.19064278238254947     
   5.2599999999999998       0.18901888768345823     
   5.2800000000000002       0.18740076959869961     
   5.2999999999999998       0.18578857757785186     
   5.3200000000000003       0.18418245678828349     
   5.3399999999999999       0.18258254817258082     
   5.3600000000000003       0.18098898850597692     
   5.3799999999999999       0.17940191045376150     
   5.4000000000000004       0.17782144262864286     
   5.4199999999999999       0.17624770964803999     
   5.4400000000000004       0.17468083219128161     
   5.4600000000000000       0.17312092705669110     
   5.4800000000000004       0.17156810721853330     
   5.5000000000000000       0.17002248188380600     
   5.5199999999999996       0.16848415654885457     
   5.5400000000000000       0.16695323305579010     
   5.5599999999999996       0.16542980964869550     
   5.5800000000000001       0.16391398102959970     
   5.5999999999999996       0.16240583841420334     
   5.6200000000000001       0.16090546958734142     
   5.6399999999999997       0.15941295895816709     
   5.6600000000000001       0.15792838761503919     
   5.6799999999999997       0.15645183338010402     
   5.7000000000000002       0.15498337086355352     
   5.7199999999999998       0.15352307151755101     
   5.7400000000000002       0.15207100368980736     
   5.7599999999999998       0.15062723267680098     
   5.7800000000000002       0.14919182077662707     
   5.7999999999999998       0.14776482734146673     
   5.8200000000000003       0.14634630882966562     
   5.8399999999999999       0.14493631885741382     
   5.8600000000000003       0.14353490825001469     
   5.8799999999999999       0.14214212509273877     
   5.9000000000000004       0.14075801478125058     
   5.9199999999999999       0.13938262007160290     
   5.9400000000000004       0.13801598112979069     
   5.9600000000000000       0.13665813558085899     
   5.9800000000000004       0.13530911855755598     
   6.0000000000000000       0.13396896274852885     
   6.0199999999999996       0.13263769844605383     
   6.0400000000000000       0.13131535359329796     
   6.0599999999999996       0.13000195383110552     
   6.0800000000000001       0.12869752254430653     
   6.0999999999999996       0.12740208090754343     
   6.1200000000000001       0.12611564793061028     
   6.1399999999999997       0.12483824050330411     
   6.1600000000000001       0.12356987343978335     
   6.1799999999999997       0.12231055952243142     
   6.2000000000000002       0.12106030954522330     
   6.2199999999999998       0.11981913235659339     
   6.2400000000000002       0.11858703490180129     
   6.2599999999999998       0.11736402226479652     
   6.2800000000000002       0.11615009770957915     
   6.2999999999999998       0.11494526272105582     
   6.3200000000000003       0.11374951704539076     
   6.3399999999999999       0.11256285872985192     
   6.3600000000000003       0.11138528416215006     
   6.3799999999999999       0.11021678810927341     
   6.4000000000000004       0.10905736375581584     
   6.4199999999999999       0.10790700274180146     
   6.4400000000000004       0.10676569520000269     
   6.4600000000000000       0.10563342979275711     
   6.4800000000000004       0.10451019374828063     
   6.5000000000000000       0.10339597289647966     
   6.5199999999999996       0.10229075170426338     
   6.5400000000000000       0.10119451331035853     
   6.5599999999999996       0.10010723955962665     
   6.5800000000000001        9.9028911036887213E-002
   6.5999999999999996        9.7959507100248672E-002
   6.6200000000000001        9.6899005913947761E-002
   6.6399999999999997        9.5847384480702180E-002
   6.6600000000000001        9.4804618673576771E-002
   6.6799999999999997        9.3770683267366761E-002
   6.7000000000000002        9.2745551969500351E-002
   6.7199999999999998        9.1729197450464692E-002
   6.7400000000000002        9.0721591373755489E-002
   6.7599999999999998        8.9722704425356598E-002
   6.7800000000000002        8.8732506342749720E-002
   6.7999999999999998        8.7750965943459824E-002
   6.8200000000000003        8.6778051153137220E-002
   6.8399999999999999        8.5813729033182129E-002
   6.8600000000000003        8.4857965807913160E-002
   6.8799999999999999        8.3910726891284426E-002
   6.9000000000000004        8.2971976913154055E-002
   6.9199999999999999        8.2041679745109328E-002
   6.9400000000000004        8.1119798525849413E-002
   6.9600000000000000        8.0206295686132564E-002
   6.9800000000000004        7.9301132973289709E-002
   7.0000000000000000        7.8404271475308637E-002
   7.0199999999999996        7.7515671644492953E-002
   7.0400000000000000        7.6635293320700404E-002
   7.0599999999999996        7.5763095754163026E-002
   7.0800000000000001        7.4899037627894599E-002
   7.0999999999999996        7.4043077079689559E-002
   7.1200000000000001        7.3195171723715716E-002
   7.1399999999999997        7.2355278671707560E-002
   7.1600000000000001        7.1523354553762061E-002
   7.1799999999999997        7.0699355538743083E-002
   7.2000000000000002        6.9883237354296496E-002
   7.2199999999999998        6.9074955306482652E-002
   7.2400000000000002        6.8274464299028725E-002
   7.2599999999999998        6.7481718852205774E-002
   7.2800000000000002        6.6696673121335009E-002
   7.2999999999999998        6.5919280914927769E-002
   7.3200000000000003        6.5149495712462258E-002
   7.3399999999999999        6.4387270681803291E-002
   7.3600000000000003        6.3632558696267938E-002
   7.3799999999999999        6.2885312351341732E-002
   7.4000000000000004        6.2145483981049958E-002
   7.4199999999999999        6.1413025673988687E-002
   7.4400000000000004        6.0687889289018616E-002
   7.4600000000000000        5.9970026470627720E-002
   7.4800000000000004        5.9259388663965490E-002
   7.5000000000000000        5.8555927129554500E-002
   7.5199999999999996        5.7859592957681845E-002
   7.5400000000000000        5.7170337082476451E-002
   7.5599999999999996        5.6488110295675874E-002
   7.5800000000000001        5.5812863260085832E-002
   7.5999999999999996        5.5144546522738640E-002
   7.6200000000000001        5.4483110527753120E-002
   7.6399999999999997        5.3828505628900916E-002
   7.6600000000000001        5.3180682101883175E-002
   7.6799999999999997        5.2539590156322355E-002
   7.7000000000000002        5.1905179947471687E-002
   7.7199999999999998        5.1277401587648638E-002
   7.7400000000000002        5.0656205157394558E-002
   7.7599999999999998        5.0041540716365615E-002
   7.7800000000000002        4.9433358313958453E-002
   7.7999999999999998        4.8831607999675529E-002
   7.8200000000000003        4.8236239833232476E-002
   7.8399999999999999        4.7647203894413383E-002
   7.8600000000000003        4.7064450292676217E-002
   7.8799999999999999        4.6487929176513745E-002
   7.9000000000000004        4.5917590742572248E-002
   7.9199999999999999        4.5353385244533424E-002
   7.9400000000000004        4.4795263001762328E-002
   7.9600000000000000        4.4243174407725287E-002
   7.9800000000000004        4.3697069938181551E-002
   8.0000000000000000        4.3156900159152974E-002
   8.0199999999999996        4.2622615734673998E-002
   8.0399999999999991        4.2094167434327208E-002
   8.0600000000000005        4.1571506140567066E-002
   8.0800000000000001        4.1054582855835589E-002
   8.0999999999999996        4.0543348709473633E-002
   8.1199999999999992        4.0037754964430995E-002
   8.1400000000000006        3.9537753023779591E-002
   8.1600000000000001        3.9043294437032285E-002
   8.1799999999999997        3.8554330906270536E-002
   8.1999999999999993        3.8070814292085864E-002
   8.2200000000000006        3.7592696619336514E-002
   8.2400000000000002        3.7119930082723726E-002
   8.2599999999999998        3.6652467052190718E-002
   8.2799999999999994        3.6190260078147442E-002
   8.3000000000000007        3.5733261896524003E-002
   8.3200000000000003        3.5281425433657088E-002
   8.3399999999999999        3.4834703811010718E-002
   8.3599999999999994        3.4393050349735742E-002
   8.3800000000000008        3.3956418575071125E-002
   8.4000000000000004        3.3524762220588866E-002
   8.4199999999999999        3.3098035232286951E-002
   8.4399999999999995        3.2676191772532233E-002
   8.4600000000000009        3.2259186223856408E-002
   8.4800000000000004        3.1846973192608680E-002
   8.5000000000000000        3.1439507512466533E-002
   8.5199999999999996        3.1036744247808411E-002
   8.5399999999999991        3.0638638696951246E-002
   8.5600000000000005        3.0245146395254559E-002
   8.5800000000000001        2.9856223118094542E-002
   8.5999999999999996        2.9471824883710782E-002
   8.6199999999999992        2.9091907955927872E-002
   8.6400000000000006        2.8716428846754492E-002
   8.6600000000000001        2.8345344318863291E-002
   8.6799999999999997        2.7978611387952698E-002
   8.6999999999999993        2.7616187324994216E-002
   8.7200000000000006        2.7258029658367516E-002
   8.7400000000000002        2.6904096175885277E-002
   8.7599999999999998        2.6554344926710119E-002
   8.7799999999999994        2.6208734223166885E-002
   8.8000000000000007        2.5867222642451303E-002
   8.8200000000000003        2.5529769028238135E-002
   8.8399999999999999        2.5196332492190866E-002
   8.8599999999999994        2.4866872415374955E-002
   8.8800000000000008        2.4541348449576787E-002
   8.9000000000000004        2.4219720518531097E-002
   8.9199999999999999        2.3901948819057890E-002
   8.9399999999999995        2.3587993822111696E-002
   8.9600000000000009        2.3277816273745245E-002
   8.9800000000000004        2.2971377195989118E-002
   9.0000000000000000        2.2668637887649300E-002
   9.0199999999999996        2.2369559925025387E-002
   9.0399999999999991        2.2074105162550428E-002
   9.0600000000000005        2.1782235733354513E-002
   9.0800000000000001        2.1493914049754710E-002
   9.0999999999999996        2.1209102803671876E-002
   9.1199999999999992        2.0927764966977101E-002
   9.1400000000000006        2.0649863791769491E-002
   9.1600000000000001        2.0375362810586373E-002
   9.1799999999999997        2.0104225836548379E-002
   9.1999999999999993        1.9836416963440587E-002
   9.2200000000000006        1.9571900565731444E-002
   9.2400000000000002        1.9310641298531602E-002
   9.2599999999999998        1.9052604097493268E-002
   9.2799999999999994        1.8797754178652488E-002
   9.3000000000000007        1.8546057038215737E-002
   9.3200000000000003        1.8297478452292033E-002
   9.3399999999999999        1.8051984476572001E-002
   9.3599999999999994        1.7809541445956131E-002
   9.3800000000000008        1.7570115974132602E-002
   9.4000000000000004        1.7333674953106760E-002
   9.4199999999999999        1.7100185552683507E-002
   9.4399999999999995        1.6869615219903801E-002
   9.4600000000000009        1.6641931678436587E-002
   9.4800000000000004        1.6417102927927994E-002
   9.5000000000000000        1.6195097243308133E-002
   9.5199999999999996        1.5975883174057515E-002
   9.5399999999999991        1.5759429543434251E-002
   9.5600000000000005        1.5545705447662832E-002
   9.5800000000000001        1.5334680255086003E-002
   9.5999999999999996        1.5126323605280918E-002
   9.6199999999999992        1.4920605408140549E-002
   9.6400000000000006        1.4717495842921466E-002
   9.6600000000000001        1.4516965357259498E-002
   9.6799999999999997        1.4318984666153622E-002
   9.6999999999999993        1.4123524750919755E-002
   9.7200000000000006        1.3930556858115353E-002
   9.7400000000000002        1.3740052498435693E-002
   9.7599999999999998        1.3551983445582684E-002
   9.7799999999999994        1.3366321735107829E-002
   9.8000000000000007        1.3183039663229543E-002
   9.8200000000000003        1.3002109785626154E-002
   9.8399999999999999        1.2823504916205576E-002
   9.8599999999999994        1.2647198125852176E-002
   9.8800000000000008        1.2473162741152250E-002
   9.9000000000000004        1.2301372343098515E-002
   9.9199999999999999        1.2131800765774482E-002
   9.9399999999999995        1.1964422095020064E-002
   9.9600000000000009        1.1799210667078498E-002
   9.9800000000000004        1.1636141067225866E-002
   10.000000000000000        1.1475188128383869E-002
   10.020000000000000        1.1316326929716517E-002
   10.039999999999999        1.1159532795211532E-002
   10.060000000000000        1.1004781292247341E-002
   10.080000000000000        1.0852048230146145E-002
   10.100000000000000        1.0701309658713690E-002
   10.119999999999999        1.0552541866766912E-002
   10.140000000000001        1.0405721380649501E-002
   10.160000000000000        1.0260824962736394E-002
   10.180000000000000        1.0117829609927808E-002
   10.199999999999999        9.9767125521333065E-003
   10.220000000000001        9.8374512507465074E-003
   10.240000000000000        9.7000233971113181E-003
   10.260000000000000        9.5644069109797475E-003
   10.279999999999999        9.4305799389623017E-003
   10.300000000000001        9.2985208529714029E-003
   10.320000000000000        9.1682082486582647E-003
   10.340000000000000        9.0396209438437167E-003
   10.359999999999999        8.9127379769437937E-003
   10.380000000000001        8.7875386053902077E-003
   10.400000000000000        8.6640023040463910E-003
   10.420000000000000        8.5421087636196064E-003
   10.440000000000000        8.4218378890694723E-003
   10.460000000000001        8.3031697980133802E-003
   10.480000000000000        8.1860848191294324E-003
   10.500000000000000        8.0705634905569590E-003
   10.520000000000000        7.9565865582953369E-003
   10.539999999999999        7.8441349746014976E-003
   10.560000000000000        7.7331898963863086E-003
   10.580000000000000        7.6237326836104020E-003
   10.600000000000000        7.5157448976798016E-003
   10.619999999999999        7.4092082998415808E-003
   10.640000000000001        7.3041048495801402E-003
   10.660000000000000        7.2004167030142365E-003
   10.680000000000000        7.0981262112950845E-003
   10.699999999999999        6.9972159190061604E-003
   10.720000000000001        6.8976685625646260E-003
   10.740000000000000        6.7994670686249347E-003
   10.760000000000000        6.7025945524848618E-003
   10.779999999999999        6.6070343164942105E-003
   10.800000000000001        6.5127698484664601E-003
   10.820000000000000        6.4197848200938197E-003
   10.840000000000000        6.3280630853655932E-003
   10.859999999999999        6.2375886789904434E-003
   10.880000000000001        6.1483458148226984E-003
   10.900000000000000        6.0603188842928875E-003
   10.920000000000000        5.9734924548426951E-003
   10.940000000000000        5.8878512683648125E-003
   10.960000000000001        5.8033802396475903E-003
   10.980000000000000        5.7200644548249116E-003
   11.000000000000000        5.6378891698314068E-003
   11.020000000000000        5.5568398088632438E-003
   11.039999999999999        5.4769019628446167E-003
   11.060000000000000        5.3980613879002510E-003
   11.080000000000000        5.3203040038339892E-003
   11.100000000000000        5.2436158926135621E-003
   11.119999999999999        5.1679832968619934E-003
   11.140000000000001        5.0933926183554671E-003
   11.160000000000000        5.0198304165280077E-003
   11.180000000000000        4.9472834069830864E-003
   11.199999999999999        4.8757384600122593E-003
   11.220000000000001        4.8051825991209671E-003
   11.240000000000000        4.7356029995617686E-003
   11.260000000000000        4.6669869868748654E-003
   11.279999999999999        4.5993220354362862E-003
   11.300000000000001        4.5325957670137758E-003
   11.320000000000000        4.4667959493304068E-003
   11.340000000000000        4.4019104946361447E-003
   11.359999999999999        4.3379274582873942E-003
   11.380000000000001        4.2748350373346183E-003
   11.400000000000000        4.2126215691182332E-003
   11.420000000000000        4.1512755298726755E-003
   11.440000000000000        4.0907855333388692E-003
   11.460000000000001        4.0311403293851805E-003
   11.480000000000000        3.9723288026368361E-003
   11.500000000000000        3.9143399711138935E-003
   11.520000000000000        3.8571629848779608E-003
   11.539999999999999        3.8007871246875601E-003
   11.560000000000000        3.7452018006622475E-003
   11.580000000000000        3.6903965509556694E-003
   11.600000000000000        3.6363610404373690E-003
   11.619999999999999        3.5830850593835924E-003
   11.640000000000001        3.5305585221770846E-003
   11.660000000000000        3.4787714660158833E-003
   11.680000000000000        3.4277140496311162E-003
   11.699999999999999        3.3773765520139962E-003
   11.720000000000001        3.3277493711518528E-003
   11.740000000000000        3.2788230227733485E-003
   11.760000000000000        3.2305881391028789E-003
   11.779999999999999        3.1830354676241697E-003
   11.800000000000001        3.1361558698530731E-003
   11.820000000000000        3.0899403201196758E-003
   11.840000000000000        3.0443799043595797E-003
   11.859999999999999        2.9994658189144859E-003
   11.880000000000001        2.9551893693420929E-003
   11.900000000000000        2.9115419692352508E-003
   11.920000000000000        2.8685151390503696E-003
   11.940000000000000        2.8261005049452174E-003
   11.960000000000001        2.7842897976259420E-003
   11.980000000000000        2.7430748512034110E-003
   12.000000000000000        2.7024476020588626E-003
   12.020000000000000        2.6624000877188019E-003
   12.039999999999999        2.6229244457392428E-003
   12.060000000000000        2.5840129125991578E-003
   12.080000000000000        2.5456578226032223E-003
   12.100000000000000        2.5078516067938046E-003
   12.119999999999999        2.4705867918721823E-003
   12.140000000000001        2.4338559991289588E-003
   12.160000000000000        2.3976519433837355E-003
   12.180000000000000        2.3619674319338888E-003
   12.199999999999999        2.3267953635125417E-003
   12.220000000000001        2.2921287272556850E-003
   12.240000000000000        2.2579606016783923E-003
   12.260000000000000        2.2242841536600846E-003
   12.279999999999999        2.1910926374389293E-003
   12.300000000000001        2.1583793936152005E-003
   12.320000000000000        2.1261378481636697E-003
   12.340000000000000        2.0943615114549620E-003
   12.359999999999999        2.0630439772858482E-003
   12.380000000000001        2.0321789219184209E-003
   12.400000000000000        2.0017601031281909E-003
   12.420000000000000        1.9717813592609545E-003
   12.440000000000000        1.9422366082984864E-003
   12.460000000000001        1.9131198469330112E-003
   12.480000000000000        1.8844251496503716E-003
   12.500000000000000        1.8561466678218611E-003
   12.520000000000000        1.8282786288047492E-003
   12.539999999999999        1.8008153350513663E-003
   12.560000000000000        1.7737511632267436E-003
   12.580000000000000        1.7470805633348148E-003
   12.600000000000000        1.7207980578530311E-003
   12.619999999999999        1.6948982408754325E-003
   12.640000000000001        1.6693757772641136E-003
   12.660000000000000        1.6442254018090112E-003
   12.680000000000000        1.6194419183959638E-003
   12.699999999999999        1.5950201991830606E-003
   12.720000000000001        1.5709551837851498E-003
   12.740000000000000        1.5472418784665081E-003
   12.760000000000000        1.5238753553416149E-003
   12.779999999999999        1.5008507515839628E-003
   12.800000000000001        1.4781632686428907E-003
   12.820000000000000        1.4558081714683602E-003
   12.840000000000000        1.4337807877436094E-003
   12.859999999999999        1.4120765071257038E-003
   12.880000000000001        1.3906907804938490E-003
   12.900000000000000        1.3696191192054652E-003
   12.920000000000000        1.3488570943599601E-003
   12.940000000000000        1.3284003360701435E-003
   12.960000000000001        1.3082445327412227E-003
   12.980000000000000        1.2883854303573695E-003
   13.000000000000000        1.2688188317757326E-003
   13.020000000000000        1.2495405960279041E-003
   13.039999999999999        1.2305466376287758E-003
   13.060000000000000        1.2118329258927016E-003
   13.080000000000000        1.1933954842569404E-003
   13.100000000000000        1.1752303896123233E-003
   13.119999999999999        1.1573337716410800E-003
   13.140000000000001        1.1397018121617681E-003
   13.160000000000000        1.1223307444812858E-003
   13.180000000000000        1.1052168527538543E-003
   13.199999999999999        1.0883564713469621E-003
   13.220000000000001        1.0717459842142125E-003
   13.240000000000000        1.0553818242750015E-003
   13.260000000000000        1.0392604728009641E-003
   13.279999999999999        1.0233784588091852E-003
   13.300000000000001        1.0077323584620572E-003
   13.320000000000000        9.9231879447376917E-004
   13.340000000000000        9.7713443552336558E-004
   13.359999999999999        9.6217599567431254E-004
   13.380000000000001        9.4744023380051565E-004
   13.400000000000000        9.3292395301876460E-004
   13.420000000000000        9.1862400012749745E-004
   13.440000000000000        9.0453726505187418E-004
   13.460000000000001        8.9066068029509948E-004
   13.480000000000000        8.7699122039591531E-004
   13.500000000000000        8.6352590139223871E-004
   13.520000000000000        8.5026178029087602E-004
   13.539999999999999        8.3719595454325520E-004
   13.560000000000000        8.2432556152714552E-004
   13.580000000000000        8.1164777803428888E-004
   13.600000000000000        7.9915981976388364E-004
   13.619999999999999        7.8685894082190745E-004
   13.640000000000001        7.7474243322618022E-004
   13.660000000000000        7.6280762641714017E-004
   13.680000000000000        7.5105188677427660E-004
   13.699999999999999        7.3947261713816514E-004
   13.720000000000001        7.2806725633804519E-004
   13.740000000000000        7.1683327872491603E-004
   13.760000000000000        7.0576819371005620E-004
   13.779999999999999        6.9486954530895021E-004
   13.800000000000001        6.8413491169056493E-004
   13.820000000000000        6.7356190473191367E-004
   13.840000000000000        6.6314816957785275E-004
   13.859999999999999        6.5289138420609246E-004
   13.880000000000001        6.4278925899733275E-004
   13.900000000000000        6.3283953631049694E-004
   13.920000000000000        6.2303999006300850E-004
   13.940000000000000        6.1338842531605969E-004
   13.960000000000001        6.0388267786481975E-004
   13.980000000000000        5.9452061383355166E-004
   14.000000000000000        5.8530012927555735E-004
   14.020000000000000        5.7621914977792877E-004
   14.039999999999999        5.6727563007105447E-004
   14.060000000000000        5.5846755364281919E-004
   14.080000000000000        5.4979293235745969E-004
   14.100000000000000        5.4124980607903202E-004
   14.119999999999999        5.3283624229943482E-004
   14.140000000000001        5.2455033577094407E-004
   14.160000000000000        5.1639020814322632E-004
   14.180000000000000        5.0835400760475833E-004
   14.199999999999999        5.0043990852862916E-004
   14.220000000000001        4.9264611112267683E-004
   14.240000000000000        4.8497084108390070E-004
   14.260000000000000        4.7741234925712032E-004
   14.279999999999999        4.6996891129782813E-004
   14.300000000000001        4.6263882733918872E-004
   14.320000000000000        4.5542042166315844E-004
   14.340000000000000        4.4831204237565260E-004
   14.359999999999999        4.4131206108574244E-004
   14.380000000000001        4.3441887258883154E-004
   14.400000000000000        4.2763089455376382E-004
   14.420000000000000        4.2094656721381889E-004
   14.440000000000000        4.1436435306157121E-004
   14.460000000000001        4.0788273654754646E-004
   14.480000000000000        4.0150022378265164E-004
   14.500000000000000        3.9521534224433062E-004
   14.520000000000000        3.8902664048640550E-004
   14.539999999999999        3.8293268785256164E-004
   14.560000000000000        3.7693207419344388E-004
   14.580000000000000        3.7102340958731491E-004
   14.600000000000000        3.6520532406423515E-004
   14.619999999999999        3.5947646733374192E-004
   14.640000000000001        3.5383550851596668E-004
   14.660000000000000        3.4828113587616707E-004
   14.680000000000000        3.4281205656263057E-004
   14.699999999999999        3.3742699634791242E-004
   14.720000000000001        3.3212469937336737E-004
   14.740000000000000        3.2690392789694886E-004
   14.760000000000000        3.2176346204422138E-004
   14.779999999999999        3.1670209956256385E-004
   14.800000000000001        3.1171865557852522E-004
   14.820000000000000        3.0681196235829195E-004
   14.840000000000000        3.0198086907122978E-004
   14.859999999999999        2.9722424155647828E-004
   14.880000000000001        2.9254096209254646E-004
   14.900000000000000        2.8792992916988429E-004
   14.920000000000000        2.8339005726639574E-004
   14.940000000000000        2.7892027662585313E-004
   14.960000000000001        2.7451953303918888E-004
   14.980000000000000        2.7018678762862281E-004
   15.000000000000000        2.6592101663459173E-004
   15.020000000000000        2.6172121120545940E-004
   15.039999999999999        2.5758637718996088E-004
   15.060000000000000        2.5351553493235514E-004
   15.080000000000000        2.4950771907025987E-004
   15.100000000000000        2.4556197833512362E-004
   15.119999999999999        2.4167737535531504E-004
   15.140000000000001        2.3785298646179659E-004
   15.160000000000000        2.3408790149634888E-004
   15.180000000000000        2.3038122362231315E-004
   15.199999999999999        2.2673206913783239E-004
   15.220000000000001        2.2313956729154964E-004
   15.240000000000000        2.1960286010073952E-004
   15.260000000000000        2.1612110217184518E-004
   15.279999999999999        2.1269346052338797E-004
   15.300000000000001        2.0931911441122243E-004
   15.320000000000000        2.0599725515611363E-004
   15.340000000000000        2.0272708597359802E-004
   15.359999999999999        1.9950782180610957E-004
   15.380000000000001        1.9633868915734166E-004
   15.400000000000000        1.9321892592881533E-004
   15.420000000000000        1.9014778125862487E-004
   15.440000000000000        1.8712451536234369E-004
   15.460000000000001        1.8414839937605317E-004
   15.480000000000000        1.8121871520147446E-004
   15.500000000000000        1.7833475535317664E-004
   15.520000000000000        1.7549582280783509E-004
   15.539999999999999        1.7270123085551346E-004
   15.560000000000000        1.6995030295294871E-004
   15.580000000000000        1.6724237257881010E-004
   15.600000000000000        1.6457678309090662E-004
   15.619999999999999        1.6195288758532646E-004
   15.640000000000001        1.5937004875747512E-004
   15.660000000000000        1.5682763876499444E-004
   15.680000000000000        1.5432503909253750E-004
   15.699999999999999        1.5186164041837454E-004
   15.720000000000001        1.4943684248281151E-004
   15.740000000000000        1.4705005395839368E-004
   15.760000000000000        1.4470069232187240E-004
   15.779999999999999        1.4238818372791834E-004
   15.800000000000001        1.4011196288455174E-004
   15.820000000000000        1.3787147293027298E-004
   15.840000000000000        1.3566616531287035E-004
   15.859999999999999        1.3349549966988402E-004
   15.880000000000001        1.3135894371070383E-004
   15.900000000000000        1.2925597310028521E-004
   15.920000000000000        1.2718607134445421E-004
   15.940000000000000        1.2514872967678896E-004
   15.960000000000001        1.2314344694705503E-004
   15.980000000000000        1.2116972951117362E-004
   16.000000000000000        1.1922709112270255E-004
   16.020000000000000        1.1731505282581506E-004
   16.039999999999999        1.1543314284975197E-004
   16.059999999999999        1.1358089650473016E-004
   16.079999999999998        1.1175785607929126E-004
   16.100000000000001        1.0996357073906711E-004
   16.120000000000001        1.0819759642694824E-004
   16.140000000000001        1.0645949576463363E-004
   16.160000000000000        1.0474883795554701E-004
   16.180000000000000        1.0306519868910012E-004
   16.199999999999999        1.0140816004628429E-004
   16.219999999999999        9.9777310406578293E-005
   16.239999999999998        9.8172244356148103E-005
   16.260000000000002        9.6592562597326906E-005
   16.280000000000001        9.5037871859358152E-005
   16.300000000000001        9.3507784810381637E-005
   16.320000000000000        9.2001919970650185E-005
   16.340000000000000        9.0519901626961058E-005
   16.359999999999999        8.9061359748281843E-005
   16.379999999999999        8.7625929902559538E-005
   16.399999999999999        8.6213253174694963E-005
   16.420000000000002        8.4822976085668369E-005
   16.440000000000001        8.3454750512799820E-005
   16.460000000000001        8.2108233611130922E-005
   16.480000000000000        8.0783087735911556E-005
   16.500000000000000        7.9478980366177819E-005
   16.520000000000000        7.8195584029406982E-005
   16.539999999999999        7.6932576227234440E-005
   16.559999999999999        7.5689639362218022E-005
   16.579999999999998        7.4466460665639073E-005
   16.600000000000001        7.3262732126321201E-005
   16.620000000000001        7.2078150420458326E-005
   16.640000000000001        7.0912416842433768E-005
   16.660000000000000        6.9765237236622254E-005
   16.680000000000000        6.8636321930156169E-005
   16.699999999999999        6.7525385666649158E-005
   16.719999999999999        6.6432147540858359E-005
   16.739999999999998        6.5356330934276689E-005
   16.760000000000002        6.4297663451641157E-005
   16.780000000000001        6.3255876858344835E-005
   16.800000000000001        6.2230707018741179E-005
   16.820000000000000        6.1221893835327452E-005
   16.840000000000000        6.0229181188796275E-005
   16.859999999999999        5.9252316878943489E-005
   16.879999999999999        5.8291052566420361E-005
   16.899999999999999        5.7345143715318225E-005
   16.920000000000002        5.6414349536576704E-005
   16.940000000000001        5.5498432932201363E-005
   16.960000000000001        5.4597160440280364E-005
   16.980000000000000        5.3710302180791449E-005
   17.000000000000000        5.2837631802186200E-005
   17.020000000000000        5.1978926428741030E-005
   17.039999999999999        5.1133966608667077E-005
   17.059999999999999        5.0302536262964651E-005
   17.079999999999998        4.9484422635015285E-005
   17.100000000000001        4.8679416240899583E-005
   17.120000000000001        4.7887310820432459E-005
   17.140000000000001        4.7107903288902676E-005
   17.160000000000000        4.6340993689512300E-005
   17.180000000000000        4.5586385146501084E-005
   17.199999999999999        4.4843883818949658E-005
   17.219999999999999        4.4113298855251096E-005
   17.239999999999998        4.3394442348241903E-005
   17.260000000000002        4.2687129290982224E-005
   17.280000000000001        4.1991177533179623E-005
   17.300000000000001        4.1306407738242245E-005
   17.320000000000000        4.0632643340957689E-005
   17.340000000000000        3.9969710505786051E-005
   17.359999999999999        3.9317438085759729E-005
   17.379999999999999        3.8675657581980430E-005
   17.399999999999999        3.8044203103707501E-005
   17.420000000000002        3.7422911329026053E-005
   17.440000000000001        3.6811621466089965E-005
   17.460000000000001        3.6210175214929121E-005
   17.480000000000000        3.5618416729814675E-005
   17.500000000000000        3.5036192582174899E-005
   17.520000000000000        3.4463351724051941E-005
   17.539999999999999        3.3899745452093705E-005
   17.559999999999999        3.3345227372072769E-005
   17.579999999999998        3.2799653363925024E-005
   17.600000000000001        3.2262881547299985E-005
   17.620000000000001        3.1734772247618112E-005
   17.640000000000001        3.1215187962623925E-005
   17.660000000000000        3.0703993329431947E-005
   17.680000000000000        3.0201055092056115E-005
   17.699999999999999        2.9706242069416937E-005
   17.719999999999999        2.9219425123818607E-005
   17.739999999999998        2.8740477129891412E-005
   17.760000000000002        2.8269272943990302E-005
   17.780000000000001        2.7805689374045511E-005
   17.800000000000001        2.7349605149856944E-005
   17.820000000000000        2.6900900893827694E-005
   17.840000000000000        2.6459459092128945E-005
   17.859999999999999        2.6025164066291913E-005
   17.879999999999999        2.5597901945218788E-005
   17.899999999999999        2.5177560637608173E-005
   17.920000000000002        2.4764029804788522E-005
   17.940000000000001        2.4357200833954401E-005
   17.960000000000001        2.3956966811798099E-005
   17.980000000000000        2.3563222498533908E-005
   18.000000000000000        2.3175864302306497E-005
   18.020000000000000        2.2794790253979763E-005
   18.039999999999999        2.2419899982299975E-005
   18.059999999999999        2.2051094689428237E-005
   18.079999999999998        2.1688277126836314E-005
   18.100000000000001        2.1331351571561885E-005
   18.120000000000001        2.0980223802816827E-005
   18.140000000000001        2.0634801078943688E-005
   18.160000000000000        2.0294992114716182E-005
   18.180000000000000        1.9960707058977951E-005
   18.199999999999999        1.9631857472614721E-005
   18.219999999999999        1.9308356306855984E-005
   18.239999999999998        1.8990117881900174E-005
   18.260000000000002        1.8677057865859525E-005
   18.280000000000001        1.8369093254020171E-005
   18.300000000000001        1.8066142348411608E-005
   18.320000000000000        1.7768124737683277E-005
   18.340000000000000        1.7474961277281624E-005
   18.359999999999999        1.7186574069924645E-005
   18.379999999999999        1.6902886446369143E-005
   18.399999999999999        1.6623822946466608E-005
   18.420000000000002        1.6349309300503136E-005
   18.440000000000001        1.6079272410820433E-005
   18.460000000000001        1.5813640333711916E-005
   18.480000000000000        1.5552342261591857E-005
   18.500000000000000        1.5295308505432350E-005
   18.520000000000000        1.5042470477464849E-005
   18.539999999999999        1.4793760674141823E-005
   18.559999999999999        1.4549112659355731E-005
   18.579999999999998        1.4308461047910398E-005
   18.600000000000001        1.4071741489241926E-005
   18.620000000000001        1.3838890651385391E-005
   18.640000000000001        1.3609846205183244E-005
   18.660000000000000        1.3384546808732460E-005
   18.680000000000000        1.3162932092066962E-005
   18.699999999999999        1.2944942642071259E-005
   18.719999999999999        1.2730519987622535E-005
   18.739999999999998        1.2519606584957602E-005
   18.760000000000002        1.2312145803261424E-005
   18.780000000000001        1.2108081910473990E-005
   18.800000000000001        1.1907360059312379E-005
   18.820000000000000        1.1709926273504756E-005
   18.840000000000000        1.1515727434233283E-005
   18.859999999999999        1.1324711266782822E-005
   18.879999999999999        1.1136826327392489E-005
   18.899999999999999        1.0952021990306761E-005
   18.920000000000002        1.0770248435023865E-005
   18.940000000000001        1.0591456633737842E-005
   18.960000000000001        1.0415598338971622E-005
   18.980000000000000        1.0242626071398691E-005
   19.000000000000000        1.0072493107849911E-005
   19.020000000000000        9.9051534695035163E-006
   19.039999999999999        9.7405619102547999E-006
   19.059999999999999        9.5786739052633976E-006
   19.079999999999998        9.4194456396753038E-006
   19.100000000000001        9.2628339975170942E-006
   19.120000000000001        9.1087965507597542E-006
   19.140000000000001        8.9572915485497024E-006
   19.160000000000000        8.8082779066044039E-006
   19.180000000000000        8.6617151967702088E-006
   19.199999999999999        8.5175636367399995E-006
   19.219999999999999        8.3757840799282904E-006
   19.239999999999998        8.2363380055012554E-006
   19.260000000000002        8.0991875085598179E-006
   19.280000000000001        7.9642952904730685E-006
   19.300000000000001        7.8316246493598472E-006
   19.320000000000000        7.7011394707166069E-006
   19.340000000000000        7.5728042181890472E-006
   19.359999999999999        7.4465839244853894E-006
   19.379999999999999        7.3224441824295236E-006
   19.399999999999999        7.2003511361514219E-006
   19.420000000000002        7.0802714724131586E-006
   19.440000000000001        6.9621724120684389E-006
   19.460000000000001        6.8460217016534258E-006
   19.480000000000000        6.7317876051071212E-006
   19.500000000000000        6.6194388956194571E-006
   19.520000000000000        6.5089448476047919E-006
   19.539999999999999        6.4002752287992923E-006
   19.559999999999999        6.2934002924801952E-006
   19.579999999999998        6.1882907698051501E-006
   19.600000000000001        6.0849178622697213E-006
   19.620000000000001        5.9832532342816845E-006
   19.640000000000001        5.8832690058496581E-006
   19.660000000000000        5.7849377453850530E-006
   19.680000000000000        5.6882324626152409E-006
   19.699999999999999        5.5931266016062800E-006
   19.719999999999999        5.4995940338938371E-006
   19.739999999999998        5.4076090517202520E-006
   19.760000000000002        5.3171463613764742E-006
   19.780000000000001        5.2281810766472041E-006
   19.800000000000001        5.1406887123575380E-006
   19.820000000000000        5.0546451780197545E-006
   19.840000000000000        4.9700267715787764E-006
   19.859999999999999        4.8868101732545613E-006
   19.879999999999999        4.8049724394801815E-006
   19.899999999999999        4.7244909969340658E-006
   19.920000000000002        4.6453436366649841E-006
   19.940000000000001        4.5675085083083520E-006
   19.960000000000001        4.4909641143925192E-006
   19.980000000000000        4.4156893047336179E-006
   20.000000000000000        4.3416632709176791E-006
